<?xml version="1.0" encoding="UTF-8"?>
<testsuite name="uk.ac.cam.cl.algorithms.sup0.QueueTest" tests="1" skipped="0" failures="0" errors="0" timestamp="2016-01-23T09:53:33" hostname="appetrosyan-Inspiron-5558" time="0.001">
  <properties/>
  <testcase name="emptyTest[0]" classname="uk.ac.cam.cl.algorithms.sup0.QueueTest" time="0.001"/>
  <system-out><![CDATA[]]></system-out>
  <system-err><![CDATA[]]></system-err>
</testsuite>
